<?xml version="1.0" encoding="UTF-8"?>
<!-- Generated by org.testng.reporters.JUnitXMLReporter -->
<testsuite ignored="0" hostname="DESKTOP-U3RCN4U" failures="1" tests="3" name="Test" time="38.13" errors="0" timestamp="2026-06-13T20:38:43 IST">
  <testcase classname="tests.homePageTests" name="HomepageTests" time="7.042">
    <failure type="java.lang.AssertionError" message="expected [Res] but found [Results]">
      <![CDATA[java.lang.AssertionError: expected [Res] but found [Results]
at tests.homePageTests.HomepageTests(homePageTests.java:17)
at java.base/java.util.ArrayList.forEach(ArrayList.java:1511)
... Removed 33 stack frames]]>
    </failure>
  </testcase> <!-- HomepageTests -->
  <testcase classname="tests.productPageTests" name="prodPage" time="6.898"/>
  <testcase classname="tests.productAddedTests" name="validateAddedProduct" time="14.762"/>
</testsuite> <!-- Test -->
