<?xml version="1.0" encoding="UTF-8"?>
<testng-results ignored="0" total="3" passed="2" failed="1" skipped="0">
  <reporter-output>
  </reporter-output>
  <suite started-at="2026-06-13T20:38:03 IST" name="Suite" finished-at="2026-06-13T20:38:41 IST" duration-ms="38130">
    <groups>
    </groups>
    <test started-at="2026-06-13T20:38:03 IST" name="Test" finished-at="2026-06-13T20:38:41 IST" duration-ms="38130">
      <class name="tests.homePageTests">
        <test-method is-config="true" signature="setUp()[pri:0, instance:tests.homePageTests@1349883]" started-at="2026-06-13T20:38:03 IST" name="setUp" finished-at="2026-06-13T20:38:07 IST" duration-ms="3130" status="PASS">
          <reporter-output>
          </reporter-output>
        </test-method> <!-- setUp -->
        <test-method signature="HomepageTests()[pri:0, instance:tests.homePageTests@1349883]" started-at="2026-06-13T20:38:07 IST" name="HomepageTests" finished-at="2026-06-13T20:38:14 IST" duration-ms="7042" status="FAIL">
          <exception class="java.lang.AssertionError">
            <message>
              <![CDATA[expected [Res] but found [Results]]]>
            </message>
            <full-stacktrace>
              <![CDATA[java.lang.AssertionError: expected [Res] but found [Results]
at org.testng.Assert.fail(Assert.java:111)
at org.testng.Assert.failNotEquals(Assert.java:1590)
at org.testng.Assert.assertEqualsImpl(Assert.java:150)
at org.testng.Assert.assertEquals(Assert.java:132)
at org.testng.Assert.assertEquals(Assert.java:656)
at org.testng.Assert.assertEquals(Assert.java:666)
at tests.homePageTests.HomepageTests(homePageTests.java:17)
at java.base/jdk.internal.reflect.NativeMethodAccessorImpl.invoke0(Native Method)
at java.base/jdk.internal.reflect.NativeMethodAccessorImpl.invoke(NativeMethodAccessorImpl.java:77)
at java.base/jdk.internal.reflect.DelegatingMethodAccessorImpl.invoke(DelegatingMethodAccessorImpl.java:43)
at java.base/java.lang.reflect.Method.invoke(Method.java:568)
at org.testng.internal.invokers.MethodInvocationHelper.invokeMethod(MethodInvocationHelper.java:141)
at org.testng.internal.invokers.TestInvoker.invokeMethod(TestInvoker.java:687)
at org.testng.internal.invokers.TestInvoker.invokeTestMethod(TestInvoker.java:230)
at org.testng.internal.invokers.MethodRunner.runInSequence(MethodRunner.java:63)
at org.testng.internal.invokers.TestInvoker$MethodInvocationAgent.invoke(TestInvoker.java:995)
at org.testng.internal.invokers.TestInvoker.invokeTestMethods(TestInvoker.java:203)
at org.testng.internal.invokers.TestMethodWorker.invokeTestMethods(TestMethodWorker.java:154)
at org.testng.internal.invokers.TestMethodWorker.run(TestMethodWorker.java:134)
at java.base/java.util.ArrayList.forEach(ArrayList.java:1511)
at org.testng.TestRunner.privateRun(TestRunner.java:741)
at org.testng.TestRunner.run(TestRunner.java:616)
at org.testng.SuiteRunner.runTest(SuiteRunner.java:421)
at org.testng.SuiteRunner.runSequentially(SuiteRunner.java:413)
at org.testng.SuiteRunner.privateRun(SuiteRunner.java:373)
at org.testng.SuiteRunner.run(SuiteRunner.java:312)
at org.testng.SuiteRunnerWorker.runSuite(SuiteRunnerWorker.java:52)
at org.testng.SuiteRunnerWorker.run(SuiteRunnerWorker.java:95)
at org.testng.TestNG.runSuitesSequentially(TestNG.java:1274)
at org.testng.TestNG.runSuitesLocally(TestNG.java:1208)
at org.testng.TestNG.runSuites(TestNG.java:1112)
at org.testng.TestNG.run(TestNG.java:1079)
at org.testng.remote.AbstractRemoteTestNG.run(AbstractRemoteTestNG.java:115)
at org.testng.remote.RemoteTestNG.initAndRun(RemoteTestNG.java:293)
at org.testng.remote.RemoteTestNG.main(RemoteTestNG.java:91)
]]>
            </full-stacktrace>
          </exception> <!-- java.lang.AssertionError -->
          <reporter-output>
          </reporter-output>
        </test-method> <!-- HomepageTests -->
        <test-method is-config="true" signature="tearDown()[pri:0, instance:tests.homePageTests@1349883]" started-at="2026-06-13T20:38:14 IST" name="tearDown" finished-at="2026-06-13T20:38:14 IST" duration-ms="354" status="PASS">
          <reporter-output>
          </reporter-output>
        </test-method> <!-- tearDown -->
      </class> <!-- tests.homePageTests -->
      <class name="tests.productAddedTests">
        <test-method is-config="true" signature="setUp()[pri:0, instance:tests.productAddedTests@7f485fda]" started-at="2026-06-13T20:38:24 IST" name="setUp" finished-at="2026-06-13T20:38:26 IST" duration-ms="2294" status="PASS">
          <reporter-output>
          </reporter-output>
        </test-method> <!-- setUp -->
        <test-method signature="validateAddedProduct()[pri:0, instance:tests.productAddedTests@7f485fda]" started-at="2026-06-13T20:38:26 IST" name="validateAddedProduct" finished-at="2026-06-13T20:38:41 IST" duration-ms="14762" status="PASS">
          <reporter-output>
          </reporter-output>
        </test-method> <!-- validateAddedProduct -->
        <test-method is-config="true" signature="tearDown()[pri:0, instance:tests.productAddedTests@7f485fda]" started-at="2026-06-13T20:38:41 IST" name="tearDown" finished-at="2026-06-13T20:38:41 IST" duration-ms="353" status="PASS">
          <reporter-output>
          </reporter-output>
        </test-method> <!-- tearDown -->
      </class> <!-- tests.productAddedTests -->
      <class name="tests.productPageTests">
        <test-method is-config="true" signature="setUp()[pri:0, instance:tests.productPageTests@4b29d1d2]" started-at="2026-06-13T20:38:14 IST" name="setUp" finished-at="2026-06-13T20:38:17 IST" duration-ms="2267" status="PASS">
          <reporter-output>
          </reporter-output>
        </test-method> <!-- setUp -->
        <test-method signature="prodPage()[pri:0, instance:tests.productPageTests@4b29d1d2]" started-at="2026-06-13T20:38:17 IST" name="prodPage" finished-at="2026-06-13T20:38:23 IST" duration-ms="6898" status="PASS">
          <reporter-output>
          </reporter-output>
        </test-method> <!-- prodPage -->
        <test-method is-config="true" signature="tearDown()[pri:0, instance:tests.productPageTests@4b29d1d2]" started-at="2026-06-13T20:38:23 IST" name="tearDown" finished-at="2026-06-13T20:38:24 IST" duration-ms="322" status="PASS">
          <reporter-output>
          </reporter-output>
        </test-method> <!-- tearDown -->
      </class> <!-- tests.productPageTests -->
    </test> <!-- Test -->
  </suite> <!-- Suite -->
</testng-results>
